<?xml version="1.0" encoding="UTF-8"?>
<testsuite name="com.lee.book.springboot.SpringbootApplicationTests" tests="1" skipped="0" failures="0" errors="0" timestamp="2023-05-16T11:18:36" hostname="ihuiseong-ui-MacBookAir.local" time="0.041">
  <properties/>
  <testcase name="contextLoads()" classname="com.lee.book.springboot.SpringbootApplicationTests" time="0.041"/>
  <system-out><![CDATA[20:18:34.453 [Test worker] DEBUG org.springframework.test.context.BootstrapUtils - Instantiating CacheAwareContextLoaderDelegate from class [org.springframework.test.context.cache.DefaultCacheAwareContextLoaderDelegate]
20:18:34.459 [Test worker] DEBUG org.springframework.test.context.BootstrapUtils - Instantiating BootstrapContext using constructor [public org.springframework.test.context.support.DefaultBootstrapContext(java.lang.Class,org.springframework.test.context.CacheAwareContextLoaderDelegate)]
20:18:34.475 [Test worker] DEBUG org.springframework.test.context.BootstrapUtils - Instantiating TestContextBootstrapper for test class [com.lee.book.springboot.SpringbootApplicationTests] from class [org.springframework.boot.test.context.SpringBootTestContextBootstrapper]
20:18:34.480 [Test worker] INFO org.springframework.boot.test.context.SpringBootTestContextBootstrapper - Neither @ContextConfiguration nor @ContextHierarchy found for test class [com.lee.book.springboot.SpringbootApplicationTests], using SpringBootContextLoader
20:18:34.481 [Test worker] DEBUG org.springframework.test.context.support.AbstractContextLoader - Did not detect default resource location for test class [com.lee.book.springboot.SpringbootApplicationTests]: class path resource [com/lee/book/springboot/SpringbootApplicationTests-context.xml] does not exist
20:18:34.482 [Test worker] DEBUG org.springframework.test.context.support.AbstractContextLoader - Did not detect default resource location for test class [com.lee.book.springboot.SpringbootApplicationTests]: class path resource [com/lee/book/springboot/SpringbootApplicationTestsContext.groovy] does not exist
20:18:34.482 [Test worker] INFO org.springframework.test.context.support.AbstractContextLoader - Could not detect default resource locations for test class [com.lee.book.springboot.SpringbootApplicationTests]: no resource found for suffixes {-context.xml, Context.groovy}.
20:18:34.482 [Test worker] INFO org.springframework.test.context.support.AnnotationConfigContextLoaderUtils - Could not detect default configuration classes for test class [com.lee.book.springboot.SpringbootApplicationTests]: SpringbootApplicationTests does not declare any static, non-private, non-final, nested classes annotated with @Configuration.
20:18:34.499 [Test worker] DEBUG org.springframework.test.context.support.ActiveProfilesUtils - Could not find an 'annotation declaring class' for annotation type [org.springframework.test.context.ActiveProfiles] and class [com.lee.book.springboot.SpringbootApplicationTests]
20:18:34.525 [Test worker] DEBUG org.springframework.context.annotation.ClassPathScanningCandidateComponentProvider - Identified candidate component class: file [/Users/ihuiseong/Desktop/springboot/build/classes/java/main/com/lee/book/springboot/SpringbootApplication.class]
20:18:34.525 [Test worker] INFO org.springframework.boot.test.context.SpringBootTestContextBootstrapper - Found @SpringBootConfiguration com.lee.book.springboot.SpringbootApplication for test class com.lee.book.springboot.SpringbootApplicationTests
20:18:34.568 [Test worker] DEBUG org.springframework.boot.test.context.SpringBootTestContextBootstrapper - @TestExecutionListeners is not present for class [com.lee.book.springboot.SpringbootApplicationTests]: using defaults.
20:18:34.569 [Test worker] INFO org.springframework.boot.test.context.SpringBootTestContextBootstrapper - Loaded default TestExecutionListener class names from location [META-INF/spring.factories]: [org.springframework.boot.test.autoconfigure.restdocs.RestDocsTestExecutionListener, org.springframework.boot.test.autoconfigure.web.client.MockRestServiceServerResetTestExecutionListener, org.springframework.boot.test.autoconfigure.web.servlet.MockMvcPrintOnlyOnFailureTestExecutionListener, org.springframework.boot.test.autoconfigure.web.servlet.WebDriverTestExecutionListener, org.springframework.boot.test.autoconfigure.webservices.client.MockWebServiceServerTestExecutionListener, org.springframework.boot.test.mock.mockito.MockitoTestExecutionListener, org.springframework.boot.test.mock.mockito.ResetMocksTestExecutionListener, org.springframework.test.context.web.ServletTestExecutionListener, org.springframework.test.context.support.DirtiesContextBeforeModesTestExecutionListener, org.springframework.test.context.event.ApplicationEventsTestExecutionListener, org.springframework.test.context.support.DependencyInjectionTestExecutionListener, org.springframework.test.context.support.DirtiesContextTestExecutionListener, org.springframework.test.context.transaction.TransactionalTestExecutionListener, org.springframework.test.context.jdbc.SqlScriptsTestExecutionListener, org.springframework.test.context.event.EventPublishingTestExecutionListener]
20:18:34.577 [Test worker] INFO org.springframework.boot.test.context.SpringBootTestContextBootstrapper - Using TestExecutionListeners: [org.springframework.test.context.web.ServletTestExecutionListener@2a551a63, org.springframework.test.context.support.DirtiesContextBeforeModesTestExecutionListener@1a6f5124, org.springframework.test.context.event.ApplicationEventsTestExecutionListener@1edb61b1, org.springframework.boot.test.mock.mockito.MockitoTestExecutionListener@ec2bf82, org.springframework.boot.test.autoconfigure.SpringBootDependencyInjectionTestExecutionListener@cc62a3b, org.springframework.test.context.support.DirtiesContextTestExecutionListener@6cc0bcf6, org.springframework.test.context.transaction.TransactionalTestExecutionListener@29539e36, org.springframework.test.context.jdbc.SqlScriptsTestExecutionListener@32f61a31, org.springframework.test.context.event.EventPublishingTestExecutionListener@f5c79a6, org.springframework.boot.test.autoconfigure.restdocs.RestDocsTestExecutionListener@669253b7, org.springframework.boot.test.autoconfigure.web.client.MockRestServiceServerResetTestExecutionListener@5305c37d, org.springframework.boot.test.autoconfigure.web.servlet.MockMvcPrintOnlyOnFailureTestExecutionListener@51a06cbe, org.springframework.boot.test.autoconfigure.web.servlet.WebDriverTestExecutionListener@3dddbe65, org.springframework.boot.test.autoconfigure.webservices.client.MockWebServiceServerTestExecutionListener@49a64d82, org.springframework.boot.test.mock.mockito.ResetMocksTestExecutionListener@344561e0]
20:18:34.579 [Test worker] DEBUG org.springframework.test.context.support.AbstractDirtiesContextTestExecutionListener - Before test class: context [DefaultTestContext@30c0ccff testClass = SpringbootApplicationTests, testInstance = [null], testMethod = [null], testException = [null], mergedContextConfiguration = [WebMergedContextConfiguration@581d969c testClass = SpringbootApplicationTests, locations = '{}', classes = '{class com.lee.book.springboot.SpringbootApplication}', contextInitializerClasses = '[]', activeProfiles = '{}', propertySourceLocations = '{}', propertySourceProperties = '{org.springframework.boot.test.context.SpringBootTestContextBootstrapper=true}', contextCustomizers = set[org.springframework.boot.test.autoconfigure.actuate.metrics.MetricsExportContextCustomizerFactory$DisableMetricExportContextCustomizer@78fbff54, org.springframework.boot.test.autoconfigure.properties.PropertyMappingContextCustomizer@0, org.springframework.boot.test.autoconfigure.web.servlet.WebDriverContextCustomizerFactory$Customizer@1cbf6e72, org.springframework.boot.test.context.filter.ExcludeFilterContextCustomizer@25b2cfcb, org.springframework.boot.test.json.DuplicateJsonObjectContextCustomizerFactory$DuplicateJsonObjectContextCustomizer@21baa903, org.springframework.boot.test.mock.mockito.MockitoContextCustomizer@0, org.springframework.boot.test.web.client.TestRestTemplateContextCustomizer@20a8a64e, org.springframework.boot.test.context.SpringBootTestArgs@1, org.springframework.boot.test.context.SpringBootTestWebEnvironment@17d919b6], resourceBasePath = 'src/main/webapp', contextLoader = 'org.springframework.boot.test.context.SpringBootContextLoader', parent = [null]], attributes = map['org.springframework.test.context.web.ServletTestExecutionListener.activateListener' -> true]], class annotated with @DirtiesContext [false] with mode [null].

  .   ____          _            __ _ _
 /\\ / ___'_ __ _ _(_)_ __  __ _ \ \ \ \
( ( )\___ | '_ | '_| | '_ \/ _` | \ \ \ \
 \\/  ___)| |_)| | | | | || (_| |  ) ) ) )
  '  |____| .__|_| |_|_| |_\__, | / / / /
 =========|_|==============|___/=/_/_/_/
 :: Spring Boot ::               (v2.7.11)

2023-05-16 20:18:34.752  INFO 15764 --- [    Test worker] c.l.b.s.SpringbootApplicationTests       : Starting SpringbootApplicationTests using Java 11.0.17 on ihuiseong-ui-MacBookAir.local with PID 15764 (started by ihuiseong in /Users/ihuiseong/Desktop/springboot)
2023-05-16 20:18:34.752  INFO 15764 --- [    Test worker] c.l.b.s.SpringbootApplicationTests       : No active profile set, falling back to 1 default profile: "default"
2023-05-16 20:18:34.997  INFO 15764 --- [    Test worker] .s.d.r.c.RepositoryConfigurationDelegate : Bootstrapping Spring Data JPA repositories in DEFAULT mode.
2023-05-16 20:18:35.019  INFO 15764 --- [    Test worker] .s.d.r.c.RepositoryConfigurationDelegate : Finished Spring Data repository scanning in 15 ms. Found 1 JPA repository interfaces.
2023-05-16 20:18:35.246  INFO 15764 --- [    Test worker] o.hibernate.jpa.internal.util.LogHelper  : HHH000204: Processing PersistenceUnitInfo [name: default]
2023-05-16 20:18:35.273  INFO 15764 --- [    Test worker] org.hibernate.Version                    : HHH000412: Hibernate ORM core version 5.6.15.Final
2023-05-16 20:18:35.351  INFO 15764 --- [    Test worker] o.hibernate.annotations.common.Version   : HCANN000001: Hibernate Commons Annotations {5.1.2.Final}
2023-05-16 20:18:35.397  INFO 15764 --- [    Test worker] com.zaxxer.hikari.HikariDataSource       : HikariPool-1 - Starting...
2023-05-16 20:18:35.442  INFO 15764 --- [    Test worker] com.zaxxer.hikari.HikariDataSource       : HikariPool-1 - Start completed.
2023-05-16 20:18:35.457  INFO 15764 --- [    Test worker] org.hibernate.dialect.Dialect            : HHH000400: Using dialect: org.hibernate.dialect.H2Dialect
Hibernate: 
    
    drop table if exists posts CASCADE 
Hibernate: 
    
    create table posts (
       id bigint generated by default as identity,
        author varchar(255),
        content varchar(255) not null,
        title varchar(500) not null,
        primary key (id)
    )
2023-05-16 20:18:35.691  INFO 15764 --- [    Test worker] o.h.e.t.j.p.i.JtaPlatformInitiator       : HHH000490: Using JtaPlatform implementation: [org.hibernate.engine.transaction.jta.platform.internal.NoJtaPlatform]
2023-05-16 20:18:35.695  INFO 15764 --- [    Test worker] j.LocalContainerEntityManagerFactoryBean : Initialized JPA EntityManagerFactory for persistence unit 'default'
2023-05-16 20:18:35.893  WARN 15764 --- [    Test worker] JpaBaseConfiguration$JpaWebConfiguration : spring.jpa.open-in-view is enabled by default. Therefore, database queries may be performed during view rendering. Explicitly configure spring.jpa.open-in-view to disable this warning
2023-05-16 20:18:36.105  INFO 15764 --- [    Test worker] c.l.b.s.SpringbootApplicationTests       : Started SpringbootApplicationTests in 1.509 seconds (JVM running for 2.114)
]]></system-out>
  <system-err><![CDATA[]]></system-err>
</testsuite>
